0 info it worked if it ends with ok
1 verbose cli [ '/usr/local/bin/node',
1 verbose cli   '/usr/local/bin/npm',
1 verbose cli   'install',
1 verbose cli   '-g',
1 verbose cli   'ios-deploy',
1 verbose cli   '--unsafe-perm=true' ]
2 info using npm@3.10.3
3 info using node@v6.5.0
4 silly loadCurrentTree Starting
5 silly install loadCurrentTree
6 silly install readGlobalPackageData
7 silly fetchPackageMetaData ios-deploy
8 silly fetchNamedPackageData ios-deploy
9 silly mapToRegistry name ios-deploy
10 silly mapToRegistry using default registry
11 silly mapToRegistry registry https://registry.npmjs.org/
12 silly mapToRegistry data Result {
12 silly mapToRegistry   raw: 'ios-deploy',
12 silly mapToRegistry   scope: null,
12 silly mapToRegistry   escapedName: 'ios-deploy',
12 silly mapToRegistry   name: 'ios-deploy',
12 silly mapToRegistry   rawSpec: '',
12 silly mapToRegistry   spec: 'latest',
12 silly mapToRegistry   type: 'tag' }
13 silly mapToRegistry uri https://registry.npmjs.org/ios-deploy
14 verbose request uri https://registry.npmjs.org/ios-deploy
15 verbose request no auth needed
16 info attempt registry request try #1 at 11:55:27 AM
17 verbose request id a5cc6faba2fcc9a4
18 verbose lastModified Sat, 04 Feb 2017 22:21:26 GMT
19 http request GET https://registry.npmjs.org/ios-deploy
20 http 200 https://registry.npmjs.org/ios-deploy
21 verbose headers { server: 'nginx/1.4.6 (Ubuntu)',
21 verbose headers   'content-type': 'application/json',
21 verbose headers   'last-modified': 'Sat, 04 Feb 2017 22:21:26 GMT',
21 verbose headers   'content-encoding': 'gzip',
21 verbose headers   'cache-control': 'max-age=300',
21 verbose headers   'content-length': '6437',
21 verbose headers   'accept-ranges': 'bytes',
21 verbose headers   date: 'Sat, 15 Apr 2017 15:55:27 GMT',
21 verbose headers   via: '1.1 varnish',
21 verbose headers   age: '259',
21 verbose headers   connection: 'keep-alive',
21 verbose headers   'x-served-by': 'cache-yyz8332-YYZ',
21 verbose headers   'x-cache': 'HIT',
21 verbose headers   'x-cache-hits': '1',
21 verbose headers   'x-timer': 'S1492271727.030584,VS0,VE0',
21 verbose headers   vary: 'Accept-Encoding' }
22 silly get cb [ 200,
22 silly get   { server: 'nginx/1.4.6 (Ubuntu)',
22 silly get     'content-type': 'application/json',
22 silly get     'last-modified': 'Sat, 04 Feb 2017 22:21:26 GMT',
22 silly get     'content-encoding': 'gzip',
22 silly get     'cache-control': 'max-age=300',
22 silly get     'content-length': '6437',
22 silly get     'accept-ranges': 'bytes',
22 silly get     date: 'Sat, 15 Apr 2017 15:55:27 GMT',
22 silly get     via: '1.1 varnish',
22 silly get     age: '259',
22 silly get     connection: 'keep-alive',
22 silly get     'x-served-by': 'cache-yyz8332-YYZ',
22 silly get     'x-cache': 'HIT',
22 silly get     'x-cache-hits': '1',
22 silly get     'x-timer': 'S1492271727.030584,VS0,VE0',
22 silly get     vary: 'Accept-Encoding' } ]
23 verbose get saving ios-deploy to /Users/Elab0009/.npm/registry.npmjs.org/ios-deploy/.cache.json
24 verbose correctMkdir /Users/Elab0009/.npm correctMkdir not in flight; initializing
25 silly install normalizeTree
26 silly loadCurrentTree Finishing
27 silly loadIdealTree Starting
28 silly install loadIdealTree
29 silly cloneCurrentTree Starting
30 silly install cloneCurrentTreeToIdealTree
31 silly cloneCurrentTree Finishing
32 silly loadShrinkwrap Starting
33 silly install loadShrinkwrap
34 silly loadShrinkwrap Finishing
35 silly loadAllDepsIntoIdealTree Starting
36 silly install loadAllDepsIntoIdealTree
37 silly resolveWithNewModule ios-deploy@1.9.1 checking installable status
38 silly cache add args [ 'ios-deploy', null ]
39 verbose cache add spec ios-deploy
40 silly cache add parsed spec Result {
40 silly cache add   raw: 'ios-deploy',
40 silly cache add   scope: null,
40 silly cache add   escapedName: 'ios-deploy',
40 silly cache add   name: 'ios-deploy',
40 silly cache add   rawSpec: '',
40 silly cache add   spec: 'latest',
40 silly cache add   type: 'tag' }
41 silly addNamed ios-deploy@latest
42 verbose addNamed "latest" is being treated as a dist-tag for ios-deploy
43 info addNameTag [ 'ios-deploy', 'latest' ]
44 silly mapToRegistry name ios-deploy
45 silly mapToRegistry using default registry
46 silly mapToRegistry registry https://registry.npmjs.org/
47 silly mapToRegistry data Result {
47 silly mapToRegistry   raw: 'ios-deploy',
47 silly mapToRegistry   scope: null,
47 silly mapToRegistry   escapedName: 'ios-deploy',
47 silly mapToRegistry   name: 'ios-deploy',
47 silly mapToRegistry   rawSpec: '',
47 silly mapToRegistry   spec: 'latest',
47 silly mapToRegistry   type: 'tag' }
48 silly mapToRegistry uri https://registry.npmjs.org/ios-deploy
49 verbose addNameTag registry:https://registry.npmjs.org/ios-deploy not in flight; fetching
50 verbose get https://registry.npmjs.org/ios-deploy not expired, no request
51 silly addNameTag next cb for ios-deploy with tag latest
52 silly addNamed ios-deploy@1.9.1
53 verbose addNamed "1.9.1" is a plain semver version for ios-deploy
54 silly cache afterAdd ios-deploy@1.9.1
55 verbose afterAdd /Users/Elab0009/.npm/ios-deploy/1.9.1/package/package.json not in flight; writing
56 verbose correctMkdir /Users/Elab0009/.npm correctMkdir not in flight; initializing
57 verbose afterAdd /Users/Elab0009/.npm/ios-deploy/1.9.1/package/package.json written
58 silly loadAllDepsIntoIdealTree Finishing
59 silly loadIdealTree Finishing
60 silly currentTree lib
60 silly currentTree └── ios-deploy@1.9.1
61 silly idealTree lib
61 silly idealTree └── ios-deploy@1.9.1
62 silly generateActionsToTake Starting
63 silly install generateActionsToTake
64 warn checkPermissions Missing write access to /usr/local/lib/node_modules
65 silly rollbackFailedOptional Starting
66 silly rollbackFailedOptional Finishing
67 silly runTopLevelLifecycles Starting
68 silly runTopLevelLifecycles Finishing
69 silly install printInstalled
70 verbose stack Error: EACCES: permission denied, access '/usr/local/lib/node_modules'
70 verbose stack     at Error (native)
71 verbose cwd /Users/Elab0009/Desktop/SecretMessenger/SecretMessenger/platforms
72 error Darwin 16.5.0
73 error argv "/usr/local/bin/node" "/usr/local/bin/npm" "install" "-g" "ios-deploy" "--unsafe-perm=true"
74 error node v6.5.0
75 error npm  v3.10.3
76 error path /usr/local/lib/node_modules
77 error code EACCES
78 error errno -13
79 error syscall access
80 error Error: EACCES: permission denied, access '/usr/local/lib/node_modules'
80 error     at Error (native)
80 error  { Error: EACCES: permission denied, access '/usr/local/lib/node_modules'
80 error     at Error (native)
80 error   errno: -13,
80 error   code: 'EACCES',
80 error   syscall: 'access',
80 error   path: '/usr/local/lib/node_modules' }
81 error Please try running this command again as root/Administrator.
82 verbose exit [ -13, true ]
